<?xml version="1.0" encoding="UTF-8"?>
<testsuite name="CalculatorTest" tests="2" skipped="0" failures="0" errors="0" timestamp="2020-02-26T07:41:55" hostname="koketso-HP-15-Notebook-PC" time="0.016">
  <properties/>
  <testcase name="addTest" classname="CalculatorTest" time="0.015"/>
  <testcase name="multiplyRest" classname="CalculatorTest" time="0.0"/>
  <system-out><![CDATA[]]></system-out>
  <system-err><![CDATA[]]></system-err>
</testsuite>
